<?xml version="1.0" encoding="UTF-8"?>
<!-- Generated by org.testng.reporters.JUnitReportReporter -->
<testsuite hostname="Purushothams-MacBook-Air.local" failures="0" tests="1" name="Listener.TestRunner" time="46.457" errors="0" timestamp="31 Jul 2019 06:21:36 GMT" skipped="0">
  <testcase classname="Listener.TestRunner" name="scenario" time="46.457"/>
</testsuite> <!-- Listener.TestRunner -->
