<?xml version="1.0" encoding="UTF-8"?>
<!-- Generated by org.testng.reporters.JUnitReportReporter -->
<testsuite hostname="Purushothams-MacBook-Air.local" failures="0" tests="1" name="Listener.TestRunner" time="43.410" errors="0" timestamp="30 Jul 2019 22:33:13 GMT" skipped="0">
  <testcase classname="Listener.TestRunner" name="scenario" time="43.410"/>
</testsuite> <!-- Listener.TestRunner -->
